[0m01:07:52.114399 [debug] [MainThread]: Sending event: {'category': 'dbt', 'action': 'invocation', 'label': 'start', 'context': [<snowplow_tracker.self_describing_json.SelfDescribingJson object at 0x7eb805b71ae0>, <snowplow_tracker.self_describing_json.SelfDescribingJson object at 0x7eb804ad84c0>, <snowplow_tracker.self_describing_json.SelfDescribingJson object at 0x7eb804ad8400>]}


============================== 01:07:52.117012 | b1f33aa7-04d1-4af8-8006-8565bc56cd5a ==============================
[0m01:07:52.117012 [info ] [MainThread]: Running with dbt=1.10.13
[0m01:07:52.117621 [debug] [MainThread]: running dbt with arguments {'printer_width': '80', 'write_json': 'True', 'indirect_selection': 'eager', 'send_anonymous_usage_stats': 'True', 'log_format': 'default', 'version_check': 'True', 'invocation_command': 'dbt init dbt', 'quiet': 'False', 'target_path': 'None', 'warn_error': 'None', 'debug': 'False', 'introspect': 'True', 'use_colors': 'True', 'warn_error_options': 'WarnErrorOptionsV2(error=[], warn=[], silence=[])', 'static_parser': 'True', 'empty': 'None', 'fail_fast': 'False', 'log_cache_events': 'False', 'partial_parse': 'True', 'log_path': 'logs', 'no_print': 'None', 'use_experimental_parser': 'False', 'cache_selected_only': 'False', 'profiles_dir': '/home/hm/.dbt'}
[0m01:08:06.760417 [debug] [MainThread]: Starter project path: /home/hm/virtual_environment/lib/python3.10/site-packages/dbt/include/starter_project
[0m01:08:06.766326 [info ] [MainThread]: 
Your new dbt project "dbt_financial_market" was created!

For more information on how to configure the profiles.yml file,
please consult the dbt documentation here:

  https://docs.getdbt.com/docs/configure-your-profile

One more thing:

Need help? Don't hesitate to reach out to us via GitHub issues or on Slack:

  https://community.getdbt.com/

Happy modeling!

[0m01:08:06.767077 [info ] [MainThread]: Setting up your profile.
[0m01:12:26.328800 [info ] [MainThread]: Profile dbt_financial_market written to /home/hm/.dbt/profiles.yml using target's profile_template.yml and your supplied values. Run 'dbt debug' to validate the connection.
[0m01:12:26.338875 [debug] [MainThread]: Resource report: {"command_name": "init", "command_success": true, "command_wall_clock_time": 274.2691, "process_in_blocks": "40", "process_kernel_time": 0.08193, "process_mem_max_rss": "108460", "process_out_blocks": "88", "process_user_time": 1.056105}
[0m01:12:26.339902 [debug] [MainThread]: Command `dbt init` succeeded at 01:12:26.339721 after 274.27 seconds
[0m01:12:26.340561 [debug] [MainThread]: Sending event: {'category': 'dbt', 'action': 'invocation', 'label': 'end', 'context': [<snowplow_tracker.self_describing_json.SelfDescribingJson object at 0x7eb805b71ae0>, <snowplow_tracker.self_describing_json.SelfDescribingJson object at 0x7eb8049e8160>, <snowplow_tracker.self_describing_json.SelfDescribingJson object at 0x7eb804ad8c70>]}
[0m01:12:26.341263 [debug] [MainThread]: Flushing usage events
[0m01:12:27.000191 [debug] [MainThread]: An error was encountered while trying to flush usage events
